<?xml version="1.0" encoding="UTF-8"?>
<testng-results ignored="0" total="4" passed="4" failed="0" skipped="0">
  <reporter-output>
  </reporter-output>
  <suite started-at="2026-03-13T14:23:58 IST" name="Default suite" finished-at="2026-03-13T14:24:01 IST" duration-ms="2759">
    <groups>
    </groups>
    <test started-at="2026-03-13T14:23:58 IST" name="Default test" finished-at="2026-03-13T14:24:01 IST" duration-ms="2759">
      <class name="Test.Tc2">
        <test-method signature="launchinBrowser()[pri:0, instance:Test.Tc2@47eaca72]" started-at="2026-03-13T14:23:59 IST" name="launchinBrowser" finished-at="2026-03-13T14:24:00 IST" duration-ms="1561" status="PASS">
          <reporter-output>
          </reporter-output>
        </test-method> <!-- launchinBrowser -->
        <test-method signature="logIn()[pri:1, instance:Test.Tc2@47eaca72]" started-at="2026-03-13T14:24:00 IST" name="logIn" finished-at="2026-03-13T14:24:00 IST" duration-ms="304" status="PASS">
          <reporter-output>
          </reporter-output>
        </test-method> <!-- logIn -->
        <test-method signature="homepage()[pri:2, instance:Test.Tc2@47eaca72]" started-at="2026-03-13T14:24:00 IST" name="homepage" finished-at="2026-03-13T14:24:01 IST" duration-ms="640" status="PASS">
          <reporter-output>
          </reporter-output>
        </test-method> <!-- homepage -->
        <test-method signature="logOut()[pri:3, instance:Test.Tc2@47eaca72]" started-at="2026-03-13T14:24:01 IST" name="logOut" finished-at="2026-03-13T14:24:01 IST" duration-ms="202" status="PASS">
          <reporter-output>
          </reporter-output>
        </test-method> <!-- logOut -->
      </class> <!-- Test.Tc2 -->
    </test> <!-- Default test -->
  </suite> <!-- Default suite -->
</testng-results>
