<?xml version="1.0" encoding="UTF-8"?>
<!-- Generated by org.testng.reporters.JUnitXMLReporter -->
<testsuite ignored="0" hostname="poojitha" failures="0" tests="4" name="Default test" time="2.759" errors="0" timestamp="2026-03-13T14:24:01 IST">
  <testcase classname="Test.Tc2" name="launchinBrowser" time="1.561"/>
  <testcase classname="Test.Tc2" name="logIn" time="0.304"/>
  <testcase classname="Test.Tc2" name="homepage" time="0.64"/>
  <testcase classname="Test.Tc2" name="logOut" time="0.202"/>
</testsuite> <!-- Default test -->
