<?xml version="1.0" encoding="UTF-8"?>
<!-- Generated by org.testng.reporters.JUnitReportReporter -->
<testsuite hostname="poojitha" failures="0" tests="4" name="Test.TC1" time="4.296" errors="0" timestamp="2026-03-13T13:51:44 IST" skipped="0">
  <testcase classname="Test.TC1" name="launchingBrowser" time="2.566"/>
  <testcase classname="Test.TC1" name="logIn" time="0.453"/>
  <testcase classname="Test.TC1" name="addtoCart" time="0.950"/>
  <testcase classname="Test.TC1" name="logOut" time="0.327"/>
</testsuite> <!-- Test.TC1 -->
