<?xml version="1.0" encoding="UTF-8"?>
<!-- Generated by org.testng.reporters.JUnitReportReporter -->
<testsuite hostname="poojitha" failures="0" tests="3" name="Practice.CrossBrowserBaseClass" time="0.049" errors="0" timestamp="2026-03-13T11:27:36 IST" skipped="0">
  <testcase classname="Practice.CrossBrowserBaseClass" name="beforeMethod" time="0.020">
    <system-out>
      <![CDATA[----Executing addToCartTest class methods-------]]>
    </system-out>
  </testcase> <!-- beforeMethod -->
  <testcase classname="Practice.CrossBrowserBaseClass" name="beforeMethod" time="0.022">
    <system-out>
      <![CDATA[----Executing addToCartTest class methods-------]]>
    </system-out>
  </testcase> <!-- beforeMethod -->
  <testcase classname="Practice.CrossBrowserBaseClass" name="beforeMethod" time="0.007">
    <system-out>
      <![CDATA[----Executing addToCartTest class methods-------]]>
    </system-out>
  </testcase> <!-- beforeMethod -->
  <system-out>
    <![CDATA[----Executing suite and connecting to dastabase-------
----Executing system Test case-------
----Executing system Test case-------
----Executing system Test case-------
----Executing addToCartTest class-------
----Executing addToCartTest class-------
----Executing addToCartTest class-------
----Executing addToCartTest class methods-------
----Executing addToCartTest class methods-------
----Executing addToCartTest class methods-------
----Executing addToCartTest class methods-------
----Executing addToCartTest class methods completed-------
----Executing addToCartTest class methods completed-------
----Executing Test-------
----Executing Test-------
Logouted out successfully
----Executing Test-------
Logouted out successfully
----Executing Test-------
----Executing addToCartTest class methods-------
----Executing addToCartTest class methods-------
----Executing addToCartTest class methods completed-------
----Executing Test-------
Logouted out successfully
----Executing Test-------
----Executing Test-------]]>
  </system-out>
</testsuite> <!-- Practice.CrossBrowserBaseClass -->
