<?xml version="1.0" encoding="UTF-8"?>
<!-- Generated by org.testng.reporters.JUnitReportReporter -->
<testsuite hostname="poojitha" failures="0" tests="3" name="Practice.DemoTest" time="0.010" errors="0" timestamp="2026-03-12T08:52:57 IST" skipped="0">
  <testcase classname="Practice.DemoTest" name="logIn" time="0.006"/>
  <testcase classname="Practice.DemoTest" name="addEmployee" time="0.001"/>
  <testcase classname="Practice.DemoTest" name="logOut" time="0.003"/>
</testsuite> <!-- Practice.DemoTest -->
