<?xml version="1.0" encoding="UTF-8"?>
<testng-results ignored="0" total="1" passed="0" failed="1" skipped="0">
  <reporter-output>
    <line>
      <![CDATA[--Executing beforesuite--]]>
    </line>
    <line>
      <![CDATA[--Executing beforetest--]]>
    </line>
    <line>
      <![CDATA[--Executing beforeclass--]]>
    </line>
    <line>
      <![CDATA[--Navigating to the application and logging in--]]>
    </line>
    <line>
      <![CDATA[--logging out--]]>
    </line>
    <line>
      <![CDATA[--Executing afterclass--]]>
    </line>
    <line>
      <![CDATA[--Executing aftertest--]]>
    </line>
    <line>
      <![CDATA[--Executing aftersuite--]]>
    </line>
  </reporter-output>
  <suite started-at="2026-03-26T08:44:16 IST" name="Default suite" finished-at="2026-03-26T08:45:05 IST" duration-ms="49117">
    <groups>
    </groups>
    <test started-at="2026-03-26T08:44:16 IST" name="Default test" finished-at="2026-03-26T08:45:05 IST" duration-ms="49117">
      <class name="com.orangeHrm.seleniumUiframework.test.CreateVacanctTest">
        <test-method is-config="true" signature="beforesuite()[pri:0, instance:com.orangeHrm.seleniumUiframework.test.CreateVacanctTest@3cc1435c]" started-at="2026-03-26T08:44:16 IST" name="beforesuite" finished-at="2026-03-26T08:44:16 IST" duration-ms="10" status="PASS">
          <reporter-output>
            <line>
              <![CDATA[--Executing beforesuite--]]>
            </line>
          </reporter-output>
        </test-method> <!-- beforesuite -->
        <test-method is-config="true" signature="beforetest()[pri:0, instance:com.orangeHrm.seleniumUiframework.test.CreateVacanctTest@3cc1435c]" started-at="2026-03-26T08:44:16 IST" name="beforetest" finished-at="2026-03-26T08:44:16 IST" duration-ms="1" status="PASS">
          <reporter-output>
            <line>
              <![CDATA[--Executing beforetest--]]>
            </line>
          </reporter-output>
        </test-method> <!-- beforetest -->
        <test-method is-config="true" signature="beforeclass()[pri:0, instance:com.orangeHrm.seleniumUiframework.test.CreateVacanctTest@3cc1435c]" started-at="2026-03-26T08:44:16 IST" name="beforeclass" finished-at="2026-03-26T08:44:18 IST" duration-ms="1883" status="PASS">
          <reporter-output>
            <line>
              <![CDATA[--Executing beforeclass--]]>
            </line>
          </reporter-output>
        </test-method> <!-- beforeclass -->
        <test-method is-config="true" signature="beforemethod()[pri:0, instance:com.orangeHrm.seleniumUiframework.test.CreateVacanctTest@3cc1435c]" started-at="2026-03-26T08:44:18 IST" name="beforemethod" finished-at="2026-03-26T08:44:58 IST" duration-ms="40564" status="PASS">
          <reporter-output>
            <line>
              <![CDATA[--Navigating to the application and logging in--]]>
            </line>
          </reporter-output>
        </test-method> <!-- beforemethod -->
        <test-method signature="addCandidates()[pri:0, instance:com.orangeHrm.seleniumUiframework.test.CreateVacanctTest@3cc1435c]" started-at="2026-03-26T08:44:58 IST" name="addCandidates" finished-at="2026-03-26T08:44:59 IST" duration-ms="31" status="FAIL">
          <exception class="java.lang.NullPointerException">
            <message>
              <![CDATA[Cannot invoke "org.openqa.selenium.SearchContext.findElement(org.openqa.selenium.By)" because "this.searchContext" is null]]>
            </message>
            <full-stacktrace>
              <![CDATA[java.lang.NullPointerException: Cannot invoke "org.openqa.selenium.SearchContext.findElement(org.openqa.selenium.By)" because "this.searchContext" is null
at org.openqa.selenium.support.pagefactory.DefaultElementLocator.findElement(DefaultElementLocator.java:68)
at org.openqa.selenium.support.pagefactory.internal.LocatingElementHandler.invoke(LocatingElementHandler.java:38)
at jdk.proxy2/jdk.proxy2.$Proxy18.click(Unknown Source)
at com.orangehrm.seleniumuiframework.object_repository.DashBoardPage.clickRecruitment(DashBoardPage.java:38)
at com.orangeHrm.seleniumUiframework.test.CreateVacanctTest.addCandidates(CreateVacanctTest.java:84)
at java.base/jdk.internal.reflect.DirectMethodHandleAccessor.invoke(DirectMethodHandleAccessor.java:103)
at java.base/java.lang.reflect.Method.invoke(Method.java:580)
at org.testng.internal.invokers.MethodInvocationHelper.invokeMethod(MethodInvocationHelper.java:141)
at org.testng.internal.invokers.TestInvoker.invokeMethod(TestInvoker.java:687)
at org.testng.internal.invokers.TestInvoker.invokeTestMethod(TestInvoker.java:230)
at org.testng.internal.invokers.MethodRunner.runInSequence(MethodRunner.java:63)
at org.testng.internal.invokers.TestInvoker$MethodInvocationAgent.invoke(TestInvoker.java:995)
at org.testng.internal.invokers.TestInvoker.invokeTestMethods(TestInvoker.java:203)
at org.testng.internal.invokers.TestMethodWorker.invokeTestMethods(TestMethodWorker.java:154)
at org.testng.internal.invokers.TestMethodWorker.run(TestMethodWorker.java:134)
at java.base/java.util.ArrayList.forEach(ArrayList.java:1596)
at org.testng.TestRunner.privateRun(TestRunner.java:741)
at org.testng.TestRunner.run(TestRunner.java:616)
at org.testng.SuiteRunner.runTest(SuiteRunner.java:421)
at org.testng.SuiteRunner.runSequentially(SuiteRunner.java:413)
at org.testng.SuiteRunner.privateRun(SuiteRunner.java:373)
at org.testng.SuiteRunner.run(SuiteRunner.java:312)
at org.testng.SuiteRunnerWorker.runSuite(SuiteRunnerWorker.java:52)
at org.testng.SuiteRunnerWorker.run(SuiteRunnerWorker.java:95)
at org.testng.TestNG.runSuitesSequentially(TestNG.java:1274)
at org.testng.TestNG.runSuitesLocally(TestNG.java:1208)
at org.testng.TestNG.runSuites(TestNG.java:1112)
at org.testng.TestNG.run(TestNG.java:1079)
at org.testng.remote.AbstractRemoteTestNG.run(AbstractRemoteTestNG.java:115)
at org.testng.remote.RemoteTestNG.initAndRun(RemoteTestNG.java:293)
at org.testng.remote.RemoteTestNG.main(RemoteTestNG.java:91)
]]>
            </full-stacktrace>
          </exception> <!-- java.lang.NullPointerException -->
          <reporter-output>
          </reporter-output>
        </test-method> <!-- addCandidates -->
        <test-method is-config="true" signature="aftermethod()[pri:0, instance:com.orangeHrm.seleniumUiframework.test.CreateVacanctTest@3cc1435c]" started-at="2026-03-26T08:44:59 IST" name="aftermethod" finished-at="2026-03-26T08:45:05 IST" duration-ms="6251" status="PASS">
          <reporter-output>
            <line>
              <![CDATA[--logging out--]]>
            </line>
          </reporter-output>
        </test-method> <!-- aftermethod -->
        <test-method is-config="true" signature="afterclass()[pri:0, instance:com.orangeHrm.seleniumUiframework.test.CreateVacanctTest@3cc1435c]" started-at="2026-03-26T08:45:05 IST" name="afterclass" finished-at="2026-03-26T08:45:05 IST" duration-ms="328" status="PASS">
          <reporter-output>
            <line>
              <![CDATA[--Executing afterclass--]]>
            </line>
          </reporter-output>
        </test-method> <!-- afterclass -->
        <test-method is-config="true" signature="aftertest()[pri:0, instance:com.orangeHrm.seleniumUiframework.test.CreateVacanctTest@3cc1435c]" started-at="2026-03-26T08:45:05 IST" name="aftertest" finished-at="2026-03-26T08:45:05 IST" duration-ms="0" status="PASS">
          <reporter-output>
            <line>
              <![CDATA[--Executing aftertest--]]>
            </line>
          </reporter-output>
        </test-method> <!-- aftertest -->
        <test-method is-config="true" signature="aftersuite()[pri:0, instance:com.orangeHrm.seleniumUiframework.test.CreateVacanctTest@3cc1435c]" started-at="2026-03-26T08:45:05 IST" name="aftersuite" finished-at="2026-03-26T08:45:05 IST" duration-ms="0" status="PASS">
          <reporter-output>
            <line>
              <![CDATA[--Executing aftersuite--]]>
            </line>
          </reporter-output>
        </test-method> <!-- aftersuite -->
      </class> <!-- com.orangeHrm.seleniumUiframework.test.CreateVacanctTest -->
    </test> <!-- Default test -->
  </suite> <!-- Default suite -->
</testng-results>
