<?xml version="1.0" encoding="UTF-8"?>
<!-- Generated by org.testng.reporters.JUnitReportReporter -->
<testsuite hostname="poojitha" failures="0" tests="1" name="Demo.practiceBaseclass" time="44.022" errors="0" timestamp="2026-03-24T09:32:49 IST" skipped="0">
  <testcase classname="Demo.practiceBaseclass" name="testMethod" time="44.022"/>
  <system-out>
    <![CDATA[--Executing beforesuite--
--Executing beforetest--
--Executing beforeclass--
--Navigating to the application and logging in--
--logging out--
--Executing afterclass--
--Executing aftertest--
--Executing aftersuite--]]>
  </system-out>
</testsuite> <!-- Demo.practiceBaseclass -->
