<?xml version="1.0" encoding="UTF-8"?>
<!-- Generated by org.testng.reporters.JUnitReportReporter -->
<testsuite hostname="poojitha" failures="0" tests="4" name="Recruitment.TS2" time="34.631" errors="0" timestamp="2026-03-13T23:03:12 IST" skipped="0">
  <testcase classname="Recruitment.TS2" name="launchingBrowser" time="1.811"/>
  <testcase classname="Recruitment.TS2" name="logIn" time="4.438"/>
  <testcase classname="Recruitment.TS2" name="Recruitment" time="26.420"/>
  <testcase classname="Recruitment.TS2" name="logOut" time="1.962"/>
</testsuite> <!-- Recruitment.TS2 -->
