<?xml version="1.0" encoding="UTF-8"?>
<!-- Generated by org.testng.reporters.JUnitReportReporter -->
<testsuite hostname="poojitha" failures="0" tests="5" name="PIM.TS1" time="29.587" errors="0" timestamp="2026-03-25T08:06:53 IST" skipped="0">
  <testcase classname="PIM.TS1" name="launchingBrowser" time="1.888"/>
  <testcase classname="PIM.TS1" name="logIn" time="8.099"/>
  <testcase classname="PIM.TS1" name="Pim" time="11.135"/>
  <testcase classname="PIM.TS1" name="Admin" time="6.730"/>
  <testcase classname="PIM.TS1" name="logout" time="1.735"/>
</testsuite> <!-- PIM.TS1 -->
